12253230412075332268
11039646056395060377
8674823212216705034
4125693807651767995
10585148525082626074
18109433590422895413
16796343687106499444
17577174785286788091
9895720826139905765
12289080861347537893
5120685292605963071
1831556269474444501
6476782537368010574
11169380945415597078
5845154126903858461
9939152417257655907
9189246772682467832
12388173884731283713
9340408129564208603
3666639603595231581
16825144581889147912
17297993403180256117
11629554650093874148
14274051943268652201
16715850897605543120
7948778651073572028
2549335414240056868
5741831582490860232
16662815442584472753
17356675410722388116
12184080727052785925
1555282346505016571
17109849046845634851
9972484306882978322
4799550440587062506
17588245669010295154
15780437968770515855
14017700897970487198
1979461348246736133
11473019802981593591
17010313558907150284
99791536697988496
8280539163932003010
8322150606517437554
4951603648230534045
11577772496817907173
4891953516548044954
9227579208653555137
8508387435286860858
4756723321621654102
16983302077085731695
424050184892979717
5505388571787782795
3986364593576028104
102548414791333278
17752997224144319703
8307851817924186251
18395724106876757262
4329585191298739864
18149484081402542103
8652833998389775252
4661762401537893128
15660759048391121790
1311352989229307593
14362011930707119813
16569783489992559835
4367428598045680961
8754038256551465215
5830634656969880735
3380993980318266129
14326657510784635425
8124145063894924444
31255061518547838
7583722499147623013
7363487690448288388
18241802330504336775
7395279525944521435
5505678827346236800
10052686522628449162
6840600729059818839
11690482331766534986
18402313838459670149
2247982650532126804
16563106899292145311
8024777419088755836
10427705432100893733
13977168571942869247
646423762345427277
8023837589765705067
6025951424006523024
17625310226097006319
9773569292800321143
5464318057834829665
16007404083034201914
16050252099286406229
10757830315617521622
10440005682618007618
1164669497662230018
15157545628815877311
3948688803289314195
11006812788023981522
4571475317998000028
13336073646426551549
14165987139050453200
17163176317848801104
2423564946853895783
8497699684368831580
4950318276053649355
12021152697972049350
11991853292957298565
4232297708513769472
8058545818119711816
15677148318656866012
8103635872323721614
9647987565602219739
8060186952382196888
2128494331615105261
8003936910425727511
17797001174573346882
5222253658974581833
18135216481534704860
8970297963463983636
16955131920864245136
3139495538253073087
13731235232119794472
16215117053341759504
1984694926884140567
14038858453795171523
4766248819232824752
775551107824391600
17229190241536074844
7473574835759948330
10760865066353315182
1973722646075619032
16162958337864018878
1803465530346447155
2745710276873834067
1425202085745781943
8266862735387983821
13688086404740693691
13122499535296658651
11176695340487086740
8494197990766800095
1721587592163716413
8026409403917450152
8967904055777338062
10236781947637749457
15227928625830519049
11737662498513539123
17310346274694779702
11392904433439758648
8690138943816920382
9224194837262858841
4567664379271820400
8935742848613646418
724562218964113093
4775893918639027595
2217815210603271980
18244664905800739662
6780469730371726363
6850728870591907307
460320186467941626
16798058754810171114
14791202577492091204
1954253482084545308
14809102309718513714
15307163833731639053
13483966291347507765
7195730173529655712
7982212048474547278
8276231511739845404
17216402639207053145
8793360747614929028
3689876926380745495
5013810475098663667
7446204781531008644
14489274939273304891
8132042262253798007
15821539635856981919
1795875735627494054
17431207633281805732
2012562026506702892
3435515026085542192
12827561730458432331
14515951381189667477
16465169967753916878
8299260808149341329
8012274551875455586
11315255120741651653
15730894764905850515
7196440290492927214
10833983790649211130
5952935453860496704
16824036831243187472
10388190648780111454
16204634526162008614
4400381648811626158
17389764784217906832
5602659671171938563
9197249521013380995
15682576235653851900
11612096420426026810
4063205679383916259
6174251926171711833
967855983432729745
7561232597893426935
14609704727113870576
5314337074573079867
16233324413402892304
5128419411235367835
1883337074853504266
15764074607833625891
1047020817244126873
111218462810272423
10348644370141793750
8072863782254142174
16268825800043623409
17555655757455982048
3529695051509891678
15197473204423709542
10869744171152191348
11164465520694301230
18113401828104620844
17024467081234530539
2732165312507394009
18295640539448243629
11122766724257592870
2018021294068192342
7897765103992917654
11173985861284313205
7071346916792292272
10111417006796746557
13920449237809946462
7502795749881622462
13401988844390264944
10638543626698450824
11584102175595796162
5989223990330409149
10245111531405109410
11793507834865353863
2703131606037558956
14583939604745222810
16007288517543471901
12450203418282753179
15660581407489479672
13625702237418587695
3027989047748999981
12335405943723598891
8852533000756364031
18078823866400188490
2019480118587764903
2231243770763189874
6913511039275836084
9044953941662840296
10794124954784010285
4904099142347931412
17037871862309551567
14397719858382992491
6593363577453598960
6464452255411797522
4396348074405654276
7074299194452134532
2790571357710191117
16402111546048305527
1257262088041371543
533272685312824910
11600719381176163924
226217763190412825
11902864860212471434
13173294866921958936
10564609938984875061
13106399302419605005
6605300672610025592
10305755931469502398
2770021224532204452
9862884409920733245
11588895855287423362
14042618617364419037
10458490268848471670
7932423159365004365
5230959948183955789
5650197613459917893
15844438289745930611
8477457388072274061
8989277056223169450
8946688927412684873
6205090078020762270
12135698891989187333
4685006052354769128
14472137611957154396
1528713982686568880
2597167377520115812
15775063479279787100
3170323594391521989
548881450541051175
4576904521284145819
8492308049532072925
4472552700189714802
2550342714861009961
3225724713887773382
1118096646145242913
11107334504878356018
15938855985396772281
9966077811119253968
17095606608131512054
16786169703782193898
16542125575201189885
7025088874338109800
4001779094404356523
2854275020561797717
16580382653288534353
14684263478694567843
17324976252688566395
11947221376848591791
3431117725216492458
16586805022289525253
11874602096976366070
11667182192571884436
10436292285855805880
11611568729508024098
5271748401781399337
7157028330288615250
7415302162201843640
18305463189724188876
906981102825476291
7982232082446300427
1201139043736241306
6664863015368096737
15379897499121897985
9841659007310069351
11585232483056794398
17977856480317440904
6778146591285607164
6128964231284161699
3594262845322658900
4622674664222638655
6339446006315575770
14468342806743002176
3604646877164458944
15961968599807711262
10267422350853666760
885300723803876395
10740830264029268118
5296967713275623393
6272834296634172416
12878547974177814061
2207307612782318346
1114531788254438301
1638312873684757941
16915002951516197193
11537959376224181619
18419036740589745598
3890726382001941645
8662318468387251125
67502746488709716
5447019989030093513
7841511581914853716
14420847332430067528
17621051877972545917
2587106207846651340
10531946534768769761
9727837241990983600
1114561876503472542
4544147193992402355
15164781556037380035
15126507695456176319
13386969783368790307
6075878035022630185
4944192788682876438
10829175477077232124
2592912524200578292
12366350407165661105
9139524729964015373
199136862316608305
9267533169254575979
11647676596249156384
10315504781390327606
17025699781189869415
7990104083705302365
14282801334220166402
14429547058756461824
17704365815216386486
1487936844723750549
4054042154788082700
14250922736121175031
16035066734798027912
4031158143935806002
10314849355818079255
8196383586776346733
17610461601838119382
17893991900025772777
15085126735957413805
4895510017202254774
3091672696429009346
9774685559550649466
10065198598362386649
15071369936393070911
15236380783137110962
5724989737933920138
12479851180611857095
7519441110436506100
4017560635775811453
14778129693698889812
2547214379342925131
14589926753530294672
2435866340308911057
4940070859441617039
4332684383230341786
2279865469300665399
1218219206172518778
3962926804070599416
6446992096079299493
656809613794985566
8328561828884513160
8739257028985842268
14055948255634591850
13611466537911126129
81317845588081921
3928121178753370467
8690709508144414207
1164970048100777636
10420861154780669300
17877325859064425717
14307991429906213996
1828720835796625777
10498448175626067523
3674952971594912804
7891339161069990769
17464039316284777943
14488937149118798055
11604165962251013090
868337399066390073
12772718788328742217
9803936333398951702
12300133714560514984
13899234613946846914
6220214639349953397
10924440654994399454
3693560099027573367
13108517728826224642
11721021144401029843
6085638364940789059
15700981618683595661
1118568260509332933
3814651552973295779
15203726022257055561
12389808106804188917
10208128846789007631
14900952138161378850
10931434288870028873
5121724489379365216
15618526702821391868
17252581663365379285
3808440253062401229
218482607304100152
17070151224146738198
439999973229856237
3890513520202699924
869666644689201386
10235709611648763344
11597038324426840027
17101783225295936569
7211891072340806086
12661152654475680866
14755449053344264155
14964125960838535283
578123641289049252
10912906303103725633
9926317773563669294
1225436044524084485
5626527085720578534
5002767878343214507
9208891944236121970
12345183222717702840
2839926658701692708
12352471472907460586
16925860052999684533
17198609174903626431
13028229557791337643
7441201831775232277
7329238602338529756
9418156911881797205
13206047944048587095
11102592366888107576
7818278552091082328
5557776168969372587
2145388391066770608
12747664401116435760
4634879666042885227
1991273304211812366
16882454096749089248
11203983048315181651
3030471085785209347
5551639038362206921
8223521347078763051
16061793938894790675
16695235242826278013
15382089158499484451
12362128852383372354
12509837853445654960
9322259385220387066
18164479976020308932
10996810828099002662
11433641025731765178
16770670769566902415
12481131693812369997
10635498073815511646
11686492173416469254
2409425920400934467
9166535273578039003
1104325595203243073
5209293638543720126
15654758044139076672
10645878581638955784
2272410718613655658
17418904315988301130
3725046191955644289
12864553477815311188
16093759029940989985
10276149095356121183
1496998242575544250
14732443572760388265
12623427517134056901
5322010882328538822
7874045331552990333
3599318872392879554
14797337867060589494
12484397219774468794
17109541552461744351
15418646725640920078
14301211942312645591
6737982364419682042
14722530090391301876
12367263122927673378
6145389529839892653
7182457236252226857
1015613193276126596
10857528555091055619
13166531565429903924
12081131261591150994
5312292901821675490
2254812096806228364
4672492911274255546
10514535570000447806
3328425740847254364
15815467913692222107
5332396903100111942
18139965147554063195
14536871485629225002
7853022310346367509
6281941891460250618
10136624768645328213
10737994114616449039
13213504217542541944
14596053548238601656
14675607844666071916
14778263272514732290
4620538648948470111
10168766305040217305
8546280838835376217
4706839666576659030
1591291298479235310
10268038239604297976
2134085531136117409
12064831165287170655
291933104694804608
408380554169385016
7424481602974276517
14313085795892256936
4950690005293456111
371983461465513107
3143484925389508883
9474454491244409321
3123864350530014004
7664557022220156836
3840817652143753908
18219996564877842885
8213687082071160570
4444371604308461760
9816436619867562701
11087979869524731991
72933602985069483
2914682703945719894
12087857793379208657
17730833221941925676
7327653817624569472
745381831256689943
15006335692075759807
4314118105744428875
8414920111716685640
10266353664761384926
8540138349697920789
14454354169612200301
16376280436801317234
8734094452132931246
17409129917887011152
4383744534447305608
13181414039665788080
2010508752667099479
13709248193772029045
8857842363984527478
9470431075342661632
15002478942613667176
17852041131072896401
10773745568167097155
4244933565667478019
13908939658047143028
5066673237797826558
4717078445114947997
1340746801510457544
10195179231788588976
10779381176634281574
10439160798444753597
5758770898988574806
1038163540768473696
1954788270826228527
1213534445125887484
2322423443829409333
17435451438533021550
13782533817707040726
2309685887059990214
8851640925703396457
3477574377553731715
4078518990305789639
17474844593440127672
16156800569871254566
14607864027070295755
8244780677325484895
12276664722266967590
7963790300317016986
9465164991597150269
17118632571068659741
12498581236012576136
71674537450906916
12910677880034968417
15967606395778846380
16327299197240064991
1206199027833321397
1211978405768549325
11009667155111320823
6318649169129695698
9577879853743606386
8349504688387658231
60221698150226985
5997515533890142293
18173896169646609821
13150917801958505884
191810712229928827
10236083721734860147
7238839498742686033
16295643834813992176
12560767945469381035
13478315857473174610
2893193562551322829
10397615775386281876
5853782197806262652
5871067151297729153
6463053129259664577
16439512437896897357
12518950194160687759
6182751906880338433
9632473247475816686
17194030065415154772
8302798227621002989
16312387984798952046
13415687692089456139
15304469802414845907
6009442868829972948
3829099563965444682
16914835742539756793
12800941723304310063
3097633800460038401
6032119767495026528
16746476240769055129
7059250088600432737
10141707770821122836
3174672698097547450
15755930525015288446
4573030066074166283
13330531629520661026
2216300193253354050
13713756015051685629
17996123004005152771
18298225026980571343
4602084418172829220
1018262478761145594
11229348343805675069
3727495567157617634
15651107537560872793
11731619965607594164
12937913767675429255
2166539050564354390
1102713082872545987
1110343457982354480
5424582566810450707
8155783492574901578
17284001341854761060
875634923076027262
6667030000227001458
430479252885535567
8308171813017171778
3129630475266796288
4397207597032604674
10920020601128507755
16993040895836688005
14659724114989146233
15580946267311218379
5245843347092847994
16598483909163484705
6056396447558930693
3864665310277159874
16937204188212742399
17747912708164706499
4993669459267265270
18021135063231544566
10144550507897195610
10242119085759377171
15235520814266861927
362751511247160374
10269942279300894252
17658106794628579914
10879620460838901619
1513388900395114416
1642452458072959872
17266128484623550402
7062917537474527240
18381561158361588526
14251366620868511994
16002524725822024129
12752679313619871671
6096475594071160406
14052626497725974260
665191417177175568
16179677195966931114
1136402800527819263
11507536074915784731
7653228280606894864
17156863407638228719
4157142660951528370
14133711057490254627
12235855992042799232
14693024989531249857
7286616566816144646
13543942687347049483
9694762479389987882
3016502623495454800
8193098609631355938
7543161135671130397
6253252029700211430
6959911637494955595
15592126440252875781
5334934932511781449
1117363360970770751
4339851320622770189
9531393190555576295
574458236761210007
12429876720794617500
9305071378261820214
8750650612094193793
10597680824605838946
14749839204883920832
4215580341329710500
10349172650417949716
16433694769797912933
11294641288104889505
5157342306213138279
7229459933338561896
4899361007750611760
14945507380249575969
7463558601394603891
4212866477596616376
10044986792040740126
18106640461182235357
3259294886129497663
84843492422182346
5785153457031085724
9050500978348246755
9425824754537618942
4807839603654053322
1001617480579688446
4650447393225982230
14867917639109614107
14820927573772406141
15897525708910891836
959357063280749762
846924486587204487
1606609961251436379
12487271730093673648
10879578731592577828
1229152068330297754
11310267957872625968
10872692567526771163
12951389186963760957
251845866025670959
12736537867718005900
1205986693992181872
12712041156538189489
13188109821036202414
929914868642866165
7580953173797087186
16741348502960649870
7308625795169432061
14639296921411521660
14284639103538596971
10905241278033403205
11585749319957855447
3551586984416608012
7494938102600347627
11613752279671862741
9555971179269852366
959834789620082857
14954761084028678847
11746867543486426936
14779244141823067989
3150341914428127649
200843930228883651
15598575633744955154
17241294723956540110
3562428842637299257
18005557116241764157
9705505867978731900
6640066994944937103
971610629757726826
13971575570027579504
8102115574352443629
1789066252625353610
13067231016007240671
10688683855539776799
3280884746528431372
16859451705213818051
3940239343751666856
12214911241989908583
17159756166487410694
7069059151920127510
1419801027881020308
15239370632895899754
8106760487869374012
17654496194874499938
11134028309234539549
10004836775429659827
14828936272998677409
9097252714820663631
18231238477546059587

