10123232829634414617
10273335425039275422
10307996990971948249
10351148782659057334
10352173110233876365
10366236251482656064
10428578501192326714
1048569229275429448
10498980695062704468
10545139903358575756
10599714655229429117
10608072957844330631
10675342232613271903
10715545415833164086
10756098109221336782
10806284740078119354
10808347862584889590
10894813749490933966
10908374877866777821
10959701739088207456
10988429586710037558
11009894862319418262
11047523864746595404
11074578294736156394
11119762198913714479
11130514829415361400
11169380945415597078
11236877551516079168
11312149952898930296
11357400239665612536
11393931663089713585
11473019802981593591
11511890045250175224
11514141457028371836
11617997101932696353
11714907733979521028
11758049581777945293
11816480089224052583
11867717830241932436
11874996086056808359
1188812461643765826
11913375957353518068
11938124668538270332
1196840735772387097
12040893177511309203
12046988195097743566
12084620299483384151
12108306863928836054
12366053613559489497
12441162908630120070
12475267178544380366
12524391136227898721
12531342814419418475
12533352981333059681
12607705582389575607
12695516038767767383
1272651521684738679
12745474019684349458
12914754594126371729
12924099092579947256
12925316145770050428
13005223952461619089
13065234478366134994
13065764058611814511
13150221143139509709
13162938377646225091
13219043610162303837
13313225320664348641
13346792945396342031
13487310818892239528
13526516446091306026
13631056685943537597
13695602813611673370
13726596183703725929
13743689513713133787
13838515377024045716
13927240732418048900
13943960066204767226
13999975260922953368
14020125056378196724
14084635877314181506
14181052457485287515
14232711753538597065
14310073842487344375
14384954763974443055
14422523689628025691
14487541705231596987
14599685671867148221
14654516941725981127
14940938397771038172
1494183167719817175
14942165823538584940
14993049916080350796
14997020561337079410
15071767683207611868
1513015652593283090
15138092138631709055
15148009060394948354
1529998567464106332
15361006899618724552
15374948144365729202
15435009544953342844
1560714936353963813
15807492954680744460
15966414497964729786
16069734118726304631
16113245732592688794
16136379744280293441
16154848381877642353
16163804779521094621
16187158839249834447
16215052420204887848
16232483286257952808
16321790393116198319
16329758953031721630
16421340120274832086
16439326453593357292
16546678187355744913
16569887739701124079
16588065294166028483
16596893728115176915
16605535007006471307
16640519766319415199
16672945519642838002
16685058042378090081
16716251636501417616
1674715981391346102
16764383486473970220
16835631252966222374
16876657950536950036
16893691974697235638
16918750371273021657
16930460618033873556
17073485619806567311
17104927738693735231
17122281565315233525
17185252917397097205
17243450195332775073
17257192730796633967
17265471644791858303
17295284785187359556
17326259200764961848
17380162970359428396
17524600858592477739
17552683564502146681
17638673973030003178
17654350111416753160
17665508931933127966
17702302526446997735
17753153661076678962
17766222574420090027
17792080531956020400
17810980960660941670
17818431474698398670
17835226541825117715
17839096628847333406
17905414108481549338
18007190814023362136
18038295953493140762
18171949677700558333
18295640539448243629
18418448685522539758
18425041460139841906
1848015025688904613
1876521059927384665
189710268656875003
1924411413038787636
1947617583015612676
195203463853713349
1975350558289039695
1976455961016566726
1978726538535533762
2076909311728133781
2119828937552265164
2127275009721746716
2161156307547324728
2180579825911079673
2208279209799880675
2236119197004903469
2343895588971145048
2363293345779142059
2386258456437252928
2436688796450891720
2485461325853893674
2497075119738610719
251219449061028923
2607418133679146697
2737192630219692367
2777685821667891383
2799569809740373070
2869099281230387352
2871646479122170645
2881832809114944992
2963927813886237901
3045924621617245444
3055732447863269833
3148246131909198062
3157847531540647170
3353531689731199296
3431429291261455661
3481836317908467203
3556325577397123508
366089823295877054
3674952971594912804
3689876926380745495
3702378645982768795
3710767771695662081
3719148473677340076
3807513464739953512
3827351206580117157
3896775297151120539
4072566832634645894
4107735382361611346
4260934951178019473
4289829770780912495
430417695594087190
4307789709821802157
4310834458248773774
4345352562608805442
4371008496431848321
4503752284768320175
456126963979733261
4589302788239377667
4706904097919625540
4732835273068445703
4843153136652353892
4899706028059744130
4943453026497086808
4994614190972906867
5010338163796309218
5075034918296731504
5184219989175074253
5186341048135017195
5245657497761048357
5245843347092847994
5271191938200045412
5291631906151445791
5297317817337713706
5338912966815391887
5419082370346915906
5518170718614222432
5521672880404611754
559193002232843309
5856784085406367476
586177644909404676
5899842080491907722
6063615706656674204
6114142485986360243
6261408800844763124
6295703930478663572
6297006540407621476
6360144996082488136
642775475141624767
6490200774764037862
6516549084903924661
6536787157131601713
687798170085277098
6942558220511196388
7025747079409093099
7042954969103507745
7074776111402259645
714176385561893725
71756162854549904
7276285544416836283
7288865200448692871
7366746923072630613
7475304974144476675
7554545368418867193
7575986638470822006
7750232761712698778
7752417193736505342
7795904440280327795
7896577538484341181
7904900764827205845
7938838457102685213
8031208850309533394
803542983522777832
8059759455143056214
8064728906522962972
8079447914966723972
814691256576805075
8148341117415469423
8270069175844897937
831038409725368941
8430221707288477702
8433932972417739160
8468053908534979197
8671382338542150799
8687503417051309499
875634923076027262
8759977147757751166
8764778752628704252
8846719128775432441
8888391839607611874
8906678942927518471
8967887823970993921
8972416505660301425
8992044856935073300
9081949186650392773
9103407163041662194
9152599479031968648
9162242603600270237
9196254679844833144
9207010907999204919
9281733153223756882
9345421424303709828
940527439321386764
9425824754537618942
9433610452688235938
9532107439193219953
960331543290125153
9610455933495772093
9717585978666684719
974185950130586790
97478340962113224
9808270894428408586
9871459615610033393
9878245012456965157
9895503564480361566
9963972958503662292
